2021-02-06 13:02:618 INFO  CheckForHelpPayingNhsCostsPage :37 - Click on Start button[[ChromeDriver: chrome on WINDOWS (4743882eacc211b9665b22fb052a5e9b)] -> id: next-button]
2021-02-06 13:02:210 INFO  CheckForHelpPayingNhsCostsPage :43 - Select Wales radio button[[ChromeDriver: chrome on WINDOWS (4743882eacc211b9665b22fb052a5e9b)] -> id: radio-wales]
2021-02-06 13:02:81 INFO  CheckForHelpPayingNhsCostsPage :37 - Click on Start button[[ChromeDriver: chrome on WINDOWS (fca3a0a8c5674309ccfe56c67cdb6b6f)] -> id: next-button]
2021-02-06 13:02:710 INFO  CheckForHelpPayingNhsCostsPage :43 - Select Wales radio button[[ChromeDriver: chrome on WINDOWS (fca3a0a8c5674309ccfe56c67cdb6b6f)] -> id: radio-wales]
2021-02-06 13:02:623 INFO  CheckForHelpPayingNhsCostsPage :37 - Click on Start button[[ChromeDriver: chrome on WINDOWS (cabd974c898b6dea1f0bfb335195f534)] -> id: next-button]
2021-02-06 13:02:265 INFO  CheckForHelpPayingNhsCostsPage :43 - Select Wales radio button[[ChromeDriver: chrome on WINDOWS (cabd974c898b6dea1f0bfb335195f534)] -> id: radio-wales]
2021-02-06 14:02:319 INFO  CheckForHelpPayingNhsCostsPage :37 - Click on Start button[[ChromeDriver: chrome on WINDOWS (431e78860a1a93e1d77b83a64358020e)] -> id: next-button]
2021-02-06 14:02:972 INFO  CheckForHelpPayingNhsCostsPage :43 - Select Wales radio button[[ChromeDriver: chrome on WINDOWS (431e78860a1a93e1d77b83a64358020e)] -> xpath: //label[@id='label-wales']]
2021-02-06 14:02:140 INFO  CheckForHelpPayingNhsCostsPage :49 - Click on next button[[ChromeDriver: chrome on WINDOWS (431e78860a1a93e1d77b83a64358020e)] -> id: next-button]
2021-02-06 14:02:803 INFO  CheckForHelpPayingNhsCostsPage :55 - Enter day on day field1[[ChromeDriver: chrome on WINDOWS (431e78860a1a93e1d77b83a64358020e)] -> id: dob-day]
2021-02-06 14:02:24 INFO  CheckForHelpPayingNhsCostsPage :61 - Enter month on month field3[[ChromeDriver: chrome on WINDOWS (431e78860a1a93e1d77b83a64358020e)] -> id: dob-month]
2021-02-06 14:02:212 INFO  CheckForHelpPayingNhsCostsPage :67 - Enter year on year field1951[[ChromeDriver: chrome on WINDOWS (431e78860a1a93e1d77b83a64358020e)] -> id: dob-month]
2021-02-06 14:02:624 INFO  CheckForHelpPayingNhsCostsPage :37 - Click on Start button[[ChromeDriver: chrome on WINDOWS (431e78860a1a93e1d77b83a64358020e)] -> id: next-button]
2021-02-06 14:02:148 INFO  CheckForHelpPayingNhsCostsPage :73 - Select yes radio button[[ChromeDriver: chrome on WINDOWS (431e78860a1a93e1d77b83a64358020e)] -> id: label-yes]
2021-02-06 14:02:340 INFO  CheckForHelpPayingNhsCostsPage :37 - Click on Start button[[ChromeDriver: chrome on WINDOWS (431e78860a1a93e1d77b83a64358020e)] -> id: next-button]
2021-02-06 14:02:836 INFO  CheckForHelpPayingNhsCostsPage :79 - Select no radio button[[ChromeDriver: chrome on WINDOWS (431e78860a1a93e1d77b83a64358020e)] -> id: label-no]
2021-02-06 14:02:12 INFO  CheckForHelpPayingNhsCostsPage :37 - Click on Start button[[ChromeDriver: chrome on WINDOWS (431e78860a1a93e1d77b83a64358020e)] -> id: next-button]
2021-02-06 14:02:502 INFO  CheckForHelpPayingNhsCostsPage :79 - Select no radio button[[ChromeDriver: chrome on WINDOWS (431e78860a1a93e1d77b83a64358020e)] -> id: label-no]
2021-02-06 14:02:690 INFO  CheckForHelpPayingNhsCostsPage :37 - Click on Start button[[ChromeDriver: chrome on WINDOWS (431e78860a1a93e1d77b83a64358020e)] -> id: next-button]
2021-02-06 14:02:193 INFO  CheckForHelpPayingNhsCostsPage :79 - Select no radio button[[ChromeDriver: chrome on WINDOWS (431e78860a1a93e1d77b83a64358020e)] -> id: label-no]
2021-02-06 14:02:385 INFO  CheckForHelpPayingNhsCostsPage :37 - Click on Start button[[ChromeDriver: chrome on WINDOWS (431e78860a1a93e1d77b83a64358020e)] -> id: next-button]
2021-02-06 14:02:880 INFO  CheckForHelpPayingNhsCostsPage :73 - Select yes radio button[[ChromeDriver: chrome on WINDOWS (431e78860a1a93e1d77b83a64358020e)] -> id: label-yes]
2021-02-06 14:02:80 INFO  CheckForHelpPayingNhsCostsPage :37 - Click on Start button[[ChromeDriver: chrome on WINDOWS (431e78860a1a93e1d77b83a64358020e)] -> id: next-button]
2021-02-06 14:02:598 INFO  CheckForHelpPayingNhsCostsPage :85 - User should get result whether user get help or not[[ChromeDriver: chrome on WINDOWS (431e78860a1a93e1d77b83a64358020e)] -> id: FREE-heading]
2021-02-06 14:02:77 INFO  CheckForHelpPayingNhsCostsPage :37 - Click on Start button[[ChromeDriver: chrome on WINDOWS (33f11665d7e39842074cec4a6a6a6069)] -> id: next-button]
2021-02-06 14:02:655 INFO  CheckForHelpPayingNhsCostsPage :43 - Select Wales radio button[[ChromeDriver: chrome on WINDOWS (33f11665d7e39842074cec4a6a6a6069)] -> xpath: //label[@id='label-wales']]
2021-02-06 14:02:870 INFO  CheckForHelpPayingNhsCostsPage :49 - Click on next button[[ChromeDriver: chrome on WINDOWS (33f11665d7e39842074cec4a6a6a6069)] -> id: next-button]
2021-02-06 14:02:523 INFO  CheckForHelpPayingNhsCostsPage :55 - Enter day on day field1[[ChromeDriver: chrome on WINDOWS (33f11665d7e39842074cec4a6a6a6069)] -> id: dob-day]
2021-02-06 14:02:739 INFO  CheckForHelpPayingNhsCostsPage :61 - Enter month on month field3[[ChromeDriver: chrome on WINDOWS (33f11665d7e39842074cec4a6a6a6069)] -> id: dob-month]
2021-02-06 14:02:926 INFO  CheckForHelpPayingNhsCostsPage :67 - Enter year on year field1951[[ChromeDriver: chrome on WINDOWS (33f11665d7e39842074cec4a6a6a6069)] -> id: dob-month]
2021-02-06 14:02:351 INFO  CheckForHelpPayingNhsCostsPage :37 - Click on Start button[[ChromeDriver: chrome on WINDOWS (33f11665d7e39842074cec4a6a6a6069)] -> id: next-button]
2021-02-06 14:02:951 INFO  CheckForHelpPayingNhsCostsPage :73 - Select yes radio button[[ChromeDriver: chrome on WINDOWS (33f11665d7e39842074cec4a6a6a6069)] -> id: label-yes]
2021-02-06 14:02:114 INFO  CheckForHelpPayingNhsCostsPage :37 - Click on Start button[[ChromeDriver: chrome on WINDOWS (33f11665d7e39842074cec4a6a6a6069)] -> id: next-button]
2021-02-06 14:02:765 INFO  CheckForHelpPayingNhsCostsPage :79 - Select no radio button[[ChromeDriver: chrome on WINDOWS (33f11665d7e39842074cec4a6a6a6069)] -> id: label-no]
2021-02-06 14:02:950 INFO  CheckForHelpPayingNhsCostsPage :37 - Click on Start button[[ChromeDriver: chrome on WINDOWS (33f11665d7e39842074cec4a6a6a6069)] -> id: next-button]
2021-02-06 14:02:452 INFO  CheckForHelpPayingNhsCostsPage :79 - Select no radio button[[ChromeDriver: chrome on WINDOWS (33f11665d7e39842074cec4a6a6a6069)] -> id: label-no]
2021-02-06 14:02:638 INFO  CheckForHelpPayingNhsCostsPage :37 - Click on Start button[[ChromeDriver: chrome on WINDOWS (33f11665d7e39842074cec4a6a6a6069)] -> id: next-button]
2021-02-06 14:02:174 INFO  CheckForHelpPayingNhsCostsPage :79 - Select no radio button[[ChromeDriver: chrome on WINDOWS (33f11665d7e39842074cec4a6a6a6069)] -> id: label-no]
2021-02-06 14:02:321 INFO  CheckForHelpPayingNhsCostsPage :37 - Click on Start button[[ChromeDriver: chrome on WINDOWS (33f11665d7e39842074cec4a6a6a6069)] -> id: next-button]
2021-02-06 14:02:839 INFO  CheckForHelpPayingNhsCostsPage :73 - Select yes radio button[[ChromeDriver: chrome on WINDOWS (33f11665d7e39842074cec4a6a6a6069)] -> id: label-yes]
2021-02-06 14:02:17 INFO  CheckForHelpPayingNhsCostsPage :37 - Click on Start button[[ChromeDriver: chrome on WINDOWS (33f11665d7e39842074cec4a6a6a6069)] -> id: next-button]
2021-02-06 14:02:648 INFO  CheckForHelpPayingNhsCostsPage :85 - User should get result whether user get help or not[[ChromeDriver: chrome on WINDOWS (33f11665d7e39842074cec4a6a6a6069)] -> id: FREE-heading]
2021-02-06 14:02:385 INFO  CheckForHelpPayingNhsCostsPage :37 - Click on Start button[[FirefoxDriver: firefox on WINDOWS (585c7bbd-e28a-4f65-9409-648405046041)] -> id: next-button]
2021-02-06 14:02:43 INFO  CheckForHelpPayingNhsCostsPage :43 - Select Wales radio button[[FirefoxDriver: firefox on WINDOWS (585c7bbd-e28a-4f65-9409-648405046041)] -> xpath: //label[@id='label-wales']]
2021-02-06 14:02:391 INFO  CheckForHelpPayingNhsCostsPage :49 - Click on next button[[FirefoxDriver: firefox on WINDOWS (585c7bbd-e28a-4f65-9409-648405046041)] -> id: next-button]
2021-02-06 14:02:105 INFO  CheckForHelpPayingNhsCostsPage :55 - Enter day on day field1[[FirefoxDriver: firefox on WINDOWS (585c7bbd-e28a-4f65-9409-648405046041)] -> id: dob-day]
2021-02-06 14:02:358 INFO  CheckForHelpPayingNhsCostsPage :61 - Enter month on month field3[[FirefoxDriver: firefox on WINDOWS (585c7bbd-e28a-4f65-9409-648405046041)] -> id: dob-month]
2021-02-06 14:02:488 INFO  CheckForHelpPayingNhsCostsPage :67 - Enter year on year field1951[[FirefoxDriver: firefox on WINDOWS (585c7bbd-e28a-4f65-9409-648405046041)] -> id: dob-month]
2021-02-06 14:02:639 INFO  CheckForHelpPayingNhsCostsPage :37 - Click on Start button[[FirefoxDriver: firefox on WINDOWS (585c7bbd-e28a-4f65-9409-648405046041)] -> id: next-button]
2021-02-06 14:02:294 INFO  CheckForHelpPayingNhsCostsPage :73 - Select yes radio button[[FirefoxDriver: firefox on WINDOWS (585c7bbd-e28a-4f65-9409-648405046041)] -> id: label-yes]
2021-02-06 14:02:645 INFO  CheckForHelpPayingNhsCostsPage :37 - Click on Start button[[FirefoxDriver: firefox on WINDOWS (585c7bbd-e28a-4f65-9409-648405046041)] -> id: next-button]
2021-02-06 14:02:191 INFO  CheckForHelpPayingNhsCostsPage :79 - Select no radio button[[FirefoxDriver: firefox on WINDOWS (585c7bbd-e28a-4f65-9409-648405046041)] -> id: label-no]
2021-02-06 14:02:633 INFO  CheckForHelpPayingNhsCostsPage :37 - Click on Start button[[FirefoxDriver: firefox on WINDOWS (585c7bbd-e28a-4f65-9409-648405046041)] -> id: next-button]
2021-02-06 14:02:155 INFO  CheckForHelpPayingNhsCostsPage :79 - Select no radio button[[FirefoxDriver: firefox on WINDOWS (585c7bbd-e28a-4f65-9409-648405046041)] -> id: label-no]
2021-02-06 14:02:582 INFO  CheckForHelpPayingNhsCostsPage :37 - Click on Start button[[FirefoxDriver: firefox on WINDOWS (585c7bbd-e28a-4f65-9409-648405046041)] -> id: next-button]
2021-02-06 14:02:170 INFO  CheckForHelpPayingNhsCostsPage :79 - Select no radio button[[FirefoxDriver: firefox on WINDOWS (585c7bbd-e28a-4f65-9409-648405046041)] -> id: label-no]
2021-02-06 14:02:647 INFO  CheckForHelpPayingNhsCostsPage :37 - Click on Start button[[FirefoxDriver: firefox on WINDOWS (585c7bbd-e28a-4f65-9409-648405046041)] -> id: next-button]
2021-02-06 14:02:341 INFO  CheckForHelpPayingNhsCostsPage :73 - Select yes radio button[[FirefoxDriver: firefox on WINDOWS (585c7bbd-e28a-4f65-9409-648405046041)] -> id: label-yes]
2021-02-06 14:02:769 INFO  CheckForHelpPayingNhsCostsPage :37 - Click on Start button[[FirefoxDriver: firefox on WINDOWS (585c7bbd-e28a-4f65-9409-648405046041)] -> id: next-button]
2021-02-06 14:02:373 INFO  CheckForHelpPayingNhsCostsPage :85 - User should get result whether user get help or not[[FirefoxDriver: firefox on WINDOWS (585c7bbd-e28a-4f65-9409-648405046041)] -> id: FREE-heading]
2021-02-06 15:02:412 INFO  CheckForHelpPayingNhsCostsPage :37 - Click on Start button[[FirefoxDriver: firefox on WINDOWS (21ceebe3-5cb1-4a23-b841-1c6c86dbb7e4)] -> id: next-button]
2021-02-06 15:02:161 INFO  CheckForHelpPayingNhsCostsPage :43 - Select Wales radio button[[FirefoxDriver: firefox on WINDOWS (21ceebe3-5cb1-4a23-b841-1c6c86dbb7e4)] -> xpath: //label[@id='label-wales']]
2021-02-06 15:02:548 INFO  CheckForHelpPayingNhsCostsPage :49 - Click on next button[[FirefoxDriver: firefox on WINDOWS (21ceebe3-5cb1-4a23-b841-1c6c86dbb7e4)] -> id: next-button]
2021-02-06 15:02:156 INFO  CheckForHelpPayingNhsCostsPage :55 - Enter day on day field1[[FirefoxDriver: firefox on WINDOWS (21ceebe3-5cb1-4a23-b841-1c6c86dbb7e4)] -> id: dob-day]
2021-02-06 15:02:323 INFO  CheckForHelpPayingNhsCostsPage :61 - Enter month on month field3[[FirefoxDriver: firefox on WINDOWS (21ceebe3-5cb1-4a23-b841-1c6c86dbb7e4)] -> id: dob-month]
2021-02-06 15:02:472 INFO  CheckForHelpPayingNhsCostsPage :67 - Enter year on year field1951[[FirefoxDriver: firefox on WINDOWS (21ceebe3-5cb1-4a23-b841-1c6c86dbb7e4)] -> id: dob-month]
2021-02-06 15:02:631 INFO  CheckForHelpPayingNhsCostsPage :37 - Click on Start button[[FirefoxDriver: firefox on WINDOWS (21ceebe3-5cb1-4a23-b841-1c6c86dbb7e4)] -> id: next-button]
2021-02-06 15:02:250 INFO  CheckForHelpPayingNhsCostsPage :73 - Select yes radio button[[FirefoxDriver: firefox on WINDOWS (21ceebe3-5cb1-4a23-b841-1c6c86dbb7e4)] -> id: label-yes]
2021-02-06 15:02:635 INFO  CheckForHelpPayingNhsCostsPage :37 - Click on Start button[[FirefoxDriver: firefox on WINDOWS (21ceebe3-5cb1-4a23-b841-1c6c86dbb7e4)] -> id: next-button]
2021-02-06 15:02:195 INFO  CheckForHelpPayingNhsCostsPage :79 - Select no radio button[[FirefoxDriver: firefox on WINDOWS (21ceebe3-5cb1-4a23-b841-1c6c86dbb7e4)] -> id: label-no]
2021-02-06 15:02:589 INFO  CheckForHelpPayingNhsCostsPage :37 - Click on Start button[[FirefoxDriver: firefox on WINDOWS (21ceebe3-5cb1-4a23-b841-1c6c86dbb7e4)] -> id: next-button]
2021-02-06 15:02:135 INFO  CheckForHelpPayingNhsCostsPage :79 - Select no radio button[[FirefoxDriver: firefox on WINDOWS (21ceebe3-5cb1-4a23-b841-1c6c86dbb7e4)] -> id: label-no]
2021-02-06 15:02:510 INFO  CheckForHelpPayingNhsCostsPage :37 - Click on Start button[[FirefoxDriver: firefox on WINDOWS (21ceebe3-5cb1-4a23-b841-1c6c86dbb7e4)] -> id: next-button]
2021-02-06 15:02:60 INFO  CheckForHelpPayingNhsCostsPage :79 - Select no radio button[[FirefoxDriver: firefox on WINDOWS (21ceebe3-5cb1-4a23-b841-1c6c86dbb7e4)] -> id: label-no]
2021-02-06 15:02:414 INFO  CheckForHelpPayingNhsCostsPage :37 - Click on Start button[[FirefoxDriver: firefox on WINDOWS (21ceebe3-5cb1-4a23-b841-1c6c86dbb7e4)] -> id: next-button]
2021-02-06 15:02:946 INFO  CheckForHelpPayingNhsCostsPage :73 - Select yes radio button[[FirefoxDriver: firefox on WINDOWS (21ceebe3-5cb1-4a23-b841-1c6c86dbb7e4)] -> id: label-yes]
2021-02-06 15:02:301 INFO  CheckForHelpPayingNhsCostsPage :37 - Click on Start button[[FirefoxDriver: firefox on WINDOWS (21ceebe3-5cb1-4a23-b841-1c6c86dbb7e4)] -> id: next-button]
2021-02-06 15:02:801 INFO  CheckForHelpPayingNhsCostsPage :85 - User should get result whether user get help or not[[FirefoxDriver: firefox on WINDOWS (21ceebe3-5cb1-4a23-b841-1c6c86dbb7e4)] -> id: FREE-heading]
2021-02-06 15:02:810 INFO  CheckForHelpPayingNhsCostsPage :37 - Click on Start button[[FirefoxDriver: firefox on WINDOWS (718a2261-9cc6-479c-b904-77284a88a233)] -> id: next-button]
2021-02-06 15:02:460 INFO  CheckForHelpPayingNhsCostsPage :43 - Select Wales radio button[[FirefoxDriver: firefox on WINDOWS (718a2261-9cc6-479c-b904-77284a88a233)] -> xpath: //label[@id='label-wales']]
2021-02-06 15:02:860 INFO  CheckForHelpPayingNhsCostsPage :49 - Click on next button[[FirefoxDriver: firefox on WINDOWS (718a2261-9cc6-479c-b904-77284a88a233)] -> id: next-button]
2021-02-06 15:02:517 INFO  CheckForHelpPayingNhsCostsPage :55 - Enter day on day field1[[FirefoxDriver: firefox on WINDOWS (718a2261-9cc6-479c-b904-77284a88a233)] -> id: dob-day]
2021-02-06 15:02:688 INFO  CheckForHelpPayingNhsCostsPage :61 - Enter month on month field3[[FirefoxDriver: firefox on WINDOWS (718a2261-9cc6-479c-b904-77284a88a233)] -> id: dob-month]
2021-02-06 15:02:856 INFO  CheckForHelpPayingNhsCostsPage :67 - Enter year on year field1951[[FirefoxDriver: firefox on WINDOWS (718a2261-9cc6-479c-b904-77284a88a233)] -> id: dob-month]
2021-02-06 15:02:39 INFO  CheckForHelpPayingNhsCostsPage :37 - Click on Start button[[FirefoxDriver: firefox on WINDOWS (718a2261-9cc6-479c-b904-77284a88a233)] -> id: next-button]
2021-02-06 15:02:721 INFO  CheckForHelpPayingNhsCostsPage :73 - Select yes radio button[[FirefoxDriver: firefox on WINDOWS (718a2261-9cc6-479c-b904-77284a88a233)] -> id: label-yes]
2021-02-06 15:02:111 INFO  CheckForHelpPayingNhsCostsPage :37 - Click on Start button[[FirefoxDriver: firefox on WINDOWS (718a2261-9cc6-479c-b904-77284a88a233)] -> id: next-button]
2021-02-06 15:02:631 INFO  CheckForHelpPayingNhsCostsPage :79 - Select no radio button[[FirefoxDriver: firefox on WINDOWS (718a2261-9cc6-479c-b904-77284a88a233)] -> id: label-no]
2021-02-06 15:02:987 INFO  CheckForHelpPayingNhsCostsPage :37 - Click on Start button[[FirefoxDriver: firefox on WINDOWS (718a2261-9cc6-479c-b904-77284a88a233)] -> id: next-button]
2021-02-06 15:02:543 INFO  CheckForHelpPayingNhsCostsPage :79 - Select no radio button[[FirefoxDriver: firefox on WINDOWS (718a2261-9cc6-479c-b904-77284a88a233)] -> id: label-no]
2021-02-06 15:02:909 INFO  CheckForHelpPayingNhsCostsPage :37 - Click on Start button[[FirefoxDriver: firefox on WINDOWS (718a2261-9cc6-479c-b904-77284a88a233)] -> id: next-button]
2021-02-06 15:02:427 INFO  CheckForHelpPayingNhsCostsPage :79 - Select no radio button[[FirefoxDriver: firefox on WINDOWS (718a2261-9cc6-479c-b904-77284a88a233)] -> id: label-no]
2021-02-06 15:02:871 INFO  CheckForHelpPayingNhsCostsPage :37 - Click on Start button[[FirefoxDriver: firefox on WINDOWS (718a2261-9cc6-479c-b904-77284a88a233)] -> id: next-button]
2021-02-06 15:02:414 INFO  CheckForHelpPayingNhsCostsPage :73 - Select yes radio button[[FirefoxDriver: firefox on WINDOWS (718a2261-9cc6-479c-b904-77284a88a233)] -> id: label-yes]
2021-02-06 15:02:780 INFO  CheckForHelpPayingNhsCostsPage :37 - Click on Start button[[FirefoxDriver: firefox on WINDOWS (718a2261-9cc6-479c-b904-77284a88a233)] -> id: next-button]
2021-02-06 15:02:320 INFO  CheckForHelpPayingNhsCostsPage :85 - User should get result whether user get help or not[[FirefoxDriver: firefox on WINDOWS (718a2261-9cc6-479c-b904-77284a88a233)] -> id: FREE-heading]
2021-02-06 15:02:837 INFO  CheckForHelpPayingNhsCostsPage :37 - Click on Start button[[ChromeDriver: chrome on WINDOWS (1297b319f1801d178e752ecd4515cd69)] -> id: next-button]
2021-02-06 15:02:595 INFO  CheckForHelpPayingNhsCostsPage :43 - Select Wales radio button[[ChromeDriver: chrome on WINDOWS (1297b319f1801d178e752ecd4515cd69)] -> xpath: //label[@id='label-wales']]
2021-02-06 15:02:787 INFO  CheckForHelpPayingNhsCostsPage :49 - Click on next button[[ChromeDriver: chrome on WINDOWS (1297b319f1801d178e752ecd4515cd69)] -> id: next-button]
2021-02-06 15:02:379 INFO  CheckForHelpPayingNhsCostsPage :55 - Enter day on day field1[[ChromeDriver: chrome on WINDOWS (1297b319f1801d178e752ecd4515cd69)] -> id: dob-day]
2021-02-06 15:02:695 INFO  CheckForHelpPayingNhsCostsPage :61 - Enter month on month field3[[ChromeDriver: chrome on WINDOWS (1297b319f1801d178e752ecd4515cd69)] -> id: dob-month]
2021-02-06 15:02:47 INFO  CheckForHelpPayingNhsCostsPage :67 - Enter year on year field1951[[ChromeDriver: chrome on WINDOWS (1297b319f1801d178e752ecd4515cd69)] -> id: dob-month]
2021-02-06 15:02:305 INFO  CheckForHelpPayingNhsCostsPage :37 - Click on Start button[[ChromeDriver: chrome on WINDOWS (1297b319f1801d178e752ecd4515cd69)] -> id: next-button]
2021-02-06 15:02:915 INFO  CheckForHelpPayingNhsCostsPage :73 - Select yes radio button[[ChromeDriver: chrome on WINDOWS (1297b319f1801d178e752ecd4515cd69)] -> id: label-yes]
2021-02-06 15:02:142 INFO  CheckForHelpPayingNhsCostsPage :37 - Click on Start button[[ChromeDriver: chrome on WINDOWS (1297b319f1801d178e752ecd4515cd69)] -> id: next-button]
2021-02-06 15:02:752 INFO  CheckForHelpPayingNhsCostsPage :79 - Select no radio button[[ChromeDriver: chrome on WINDOWS (1297b319f1801d178e752ecd4515cd69)] -> id: label-no]
2021-02-06 15:02:985 INFO  CheckForHelpPayingNhsCostsPage :37 - Click on Start button[[ChromeDriver: chrome on WINDOWS (1297b319f1801d178e752ecd4515cd69)] -> id: next-button]
2021-02-06 15:02:583 INFO  CheckForHelpPayingNhsCostsPage :79 - Select no radio button[[ChromeDriver: chrome on WINDOWS (1297b319f1801d178e752ecd4515cd69)] -> id: label-no]
2021-02-06 15:02:776 INFO  CheckForHelpPayingNhsCostsPage :37 - Click on Start button[[ChromeDriver: chrome on WINDOWS (1297b319f1801d178e752ecd4515cd69)] -> id: next-button]
2021-02-06 15:02:393 INFO  CheckForHelpPayingNhsCostsPage :79 - Select no radio button[[ChromeDriver: chrome on WINDOWS (1297b319f1801d178e752ecd4515cd69)] -> id: label-no]
2021-02-06 15:02:534 INFO  CheckForHelpPayingNhsCostsPage :37 - Click on Start button[[ChromeDriver: chrome on WINDOWS (1297b319f1801d178e752ecd4515cd69)] -> id: next-button]
2021-02-06 15:02:64 INFO  CheckForHelpPayingNhsCostsPage :73 - Select yes radio button[[ChromeDriver: chrome on WINDOWS (1297b319f1801d178e752ecd4515cd69)] -> id: label-yes]
2021-02-06 15:02:235 INFO  CheckForHelpPayingNhsCostsPage :37 - Click on Start button[[ChromeDriver: chrome on WINDOWS (1297b319f1801d178e752ecd4515cd69)] -> id: next-button]
2021-02-06 15:02:847 INFO  CheckForHelpPayingNhsCostsPage :85 - User should get result whether user get help or not[[ChromeDriver: chrome on WINDOWS (1297b319f1801d178e752ecd4515cd69)] -> id: FREE-heading]
2021-02-06 15:02:431 INFO  CheckForHelpPayingNhsCostsPage :37 - Click on Start button[[ChromeDriver: chrome on WINDOWS (b2be357e3bc5b8411a5c702d31d2389b)] -> id: next-button]
2021-02-06 15:02:598 INFO  CheckForHelpPayingNhsCostsPage :43 - Select Wales radio button[[ChromeDriver: chrome on WINDOWS (b2be357e3bc5b8411a5c702d31d2389b)] -> xpath: //label[@id='label-wales']]
2021-02-06 15:02:902 INFO  CheckForHelpPayingNhsCostsPage :49 - Click on next button[[ChromeDriver: chrome on WINDOWS (b2be357e3bc5b8411a5c702d31d2389b)] -> id: next-button]
2021-02-06 15:02:621 INFO  CheckForHelpPayingNhsCostsPage :55 - Enter day on day field1[[ChromeDriver: chrome on WINDOWS (b2be357e3bc5b8411a5c702d31d2389b)] -> id: dob-day]
2021-02-06 15:02:847 INFO  CheckForHelpPayingNhsCostsPage :61 - Enter month on month field3[[ChromeDriver: chrome on WINDOWS (b2be357e3bc5b8411a5c702d31d2389b)] -> id: dob-month]
2021-02-06 15:02:115 INFO  CheckForHelpPayingNhsCostsPage :67 - Enter year on year field1951[[ChromeDriver: chrome on WINDOWS (b2be357e3bc5b8411a5c702d31d2389b)] -> id: dob-month]
2021-02-06 15:02:381 INFO  CheckForHelpPayingNhsCostsPage :37 - Click on Start button[[ChromeDriver: chrome on WINDOWS (b2be357e3bc5b8411a5c702d31d2389b)] -> id: next-button]
2021-02-06 15:02:858 INFO  CheckForHelpPayingNhsCostsPage :73 - Select yes radio button[[ChromeDriver: chrome on WINDOWS (b2be357e3bc5b8411a5c702d31d2389b)] -> id: label-yes]
2021-02-06 15:02:34 INFO  CheckForHelpPayingNhsCostsPage :37 - Click on Start button[[ChromeDriver: chrome on WINDOWS (b2be357e3bc5b8411a5c702d31d2389b)] -> id: next-button]
2021-02-06 15:02:470 INFO  CheckForHelpPayingNhsCostsPage :79 - Select no radio button[[ChromeDriver: chrome on WINDOWS (b2be357e3bc5b8411a5c702d31d2389b)] -> id: label-no]
2021-02-06 15:02:645 INFO  CheckForHelpPayingNhsCostsPage :37 - Click on Start button[[ChromeDriver: chrome on WINDOWS (b2be357e3bc5b8411a5c702d31d2389b)] -> id: next-button]
2021-02-06 15:02:325 INFO  CheckForHelpPayingNhsCostsPage :79 - Select no radio button[[ChromeDriver: chrome on WINDOWS (b2be357e3bc5b8411a5c702d31d2389b)] -> id: label-no]
2021-02-06 15:02:495 INFO  CheckForHelpPayingNhsCostsPage :37 - Click on Start button[[ChromeDriver: chrome on WINDOWS (b2be357e3bc5b8411a5c702d31d2389b)] -> id: next-button]
2021-02-06 15:02:949 INFO  CheckForHelpPayingNhsCostsPage :79 - Select no radio button[[ChromeDriver: chrome on WINDOWS (b2be357e3bc5b8411a5c702d31d2389b)] -> id: label-no]
2021-02-06 15:02:139 INFO  CheckForHelpPayingNhsCostsPage :37 - Click on Start button[[ChromeDriver: chrome on WINDOWS (b2be357e3bc5b8411a5c702d31d2389b)] -> id: next-button]
2021-02-06 15:02:959 INFO  CheckForHelpPayingNhsCostsPage :73 - Select yes radio button[[ChromeDriver: chrome on WINDOWS (b2be357e3bc5b8411a5c702d31d2389b)] -> id: label-yes]
2021-02-06 15:02:221 INFO  CheckForHelpPayingNhsCostsPage :37 - Click on Start button[[ChromeDriver: chrome on WINDOWS (b2be357e3bc5b8411a5c702d31d2389b)] -> id: next-button]
2021-02-06 15:02:850 INFO  CheckForHelpPayingNhsCostsPage :85 - User should get result whether user get help or not[[ChromeDriver: chrome on WINDOWS (b2be357e3bc5b8411a5c702d31d2389b)] -> id: FREE-heading]
2021-02-06 15:02:171 INFO  CheckForHelpPayingNhsCostsPage :37 - Click on Start button[[ChromeDriver: chrome on WINDOWS (9bbc61b9ae9e2ddb3a1ffc8eecba15b3)] -> id: next-button]
2021-02-06 15:02:887 INFO  CheckForHelpPayingNhsCostsPage :43 - Select Wales radio button[[ChromeDriver: chrome on WINDOWS (9bbc61b9ae9e2ddb3a1ffc8eecba15b3)] -> xpath: //label[@id='label-wales']]
2021-02-06 15:02:168 INFO  CheckForHelpPayingNhsCostsPage :49 - Click on next button[[ChromeDriver: chrome on WINDOWS (9bbc61b9ae9e2ddb3a1ffc8eecba15b3)] -> id: next-button]
2021-02-06 15:02:729 INFO  CheckForHelpPayingNhsCostsPage :55 - Enter day on day field1[[ChromeDriver: chrome on WINDOWS (9bbc61b9ae9e2ddb3a1ffc8eecba15b3)] -> id: dob-day]
2021-02-06 15:02:980 INFO  CheckForHelpPayingNhsCostsPage :61 - Enter month on month field3[[ChromeDriver: chrome on WINDOWS (9bbc61b9ae9e2ddb3a1ffc8eecba15b3)] -> id: dob-month]
2021-02-06 15:02:290 INFO  CheckForHelpPayingNhsCostsPage :67 - Enter year on year field1951[[ChromeDriver: chrome on WINDOWS (9bbc61b9ae9e2ddb3a1ffc8eecba15b3)] -> id: dob-month]
2021-02-06 15:02:511 INFO  CheckForHelpPayingNhsCostsPage :37 - Click on Start button[[ChromeDriver: chrome on WINDOWS (9bbc61b9ae9e2ddb3a1ffc8eecba15b3)] -> id: next-button]
2021-02-06 15:02:139 INFO  CheckForHelpPayingNhsCostsPage :73 - Select yes radio button[[ChromeDriver: chrome on WINDOWS (9bbc61b9ae9e2ddb3a1ffc8eecba15b3)] -> id: label-yes]
2021-02-06 15:02:350 INFO  CheckForHelpPayingNhsCostsPage :37 - Click on Start button[[ChromeDriver: chrome on WINDOWS (9bbc61b9ae9e2ddb3a1ffc8eecba15b3)] -> id: next-button]
2021-02-06 15:02:916 INFO  CheckForHelpPayingNhsCostsPage :79 - Select no radio button[[ChromeDriver: chrome on WINDOWS (9bbc61b9ae9e2ddb3a1ffc8eecba15b3)] -> id: label-no]
2021-02-06 15:02:132 INFO  CheckForHelpPayingNhsCostsPage :37 - Click on Start button[[ChromeDriver: chrome on WINDOWS (9bbc61b9ae9e2ddb3a1ffc8eecba15b3)] -> id: next-button]
2021-02-06 15:02:696 INFO  CheckForHelpPayingNhsCostsPage :79 - Select no radio button[[ChromeDriver: chrome on WINDOWS (9bbc61b9ae9e2ddb3a1ffc8eecba15b3)] -> id: label-no]
2021-02-06 15:02:882 INFO  CheckForHelpPayingNhsCostsPage :37 - Click on Start button[[ChromeDriver: chrome on WINDOWS (9bbc61b9ae9e2ddb3a1ffc8eecba15b3)] -> id: next-button]
2021-02-06 15:02:363 INFO  CheckForHelpPayingNhsCostsPage :79 - Select no radio button[[ChromeDriver: chrome on WINDOWS (9bbc61b9ae9e2ddb3a1ffc8eecba15b3)] -> id: label-no]
2021-02-06 15:02:541 INFO  CheckForHelpPayingNhsCostsPage :37 - Click on Start button[[ChromeDriver: chrome on WINDOWS (9bbc61b9ae9e2ddb3a1ffc8eecba15b3)] -> id: next-button]
2021-02-06 15:02:71 INFO  CheckForHelpPayingNhsCostsPage :73 - Select yes radio button[[ChromeDriver: chrome on WINDOWS (9bbc61b9ae9e2ddb3a1ffc8eecba15b3)] -> id: label-yes]
2021-02-06 15:02:261 INFO  CheckForHelpPayingNhsCostsPage :37 - Click on Start button[[ChromeDriver: chrome on WINDOWS (9bbc61b9ae9e2ddb3a1ffc8eecba15b3)] -> id: next-button]
2021-02-06 15:02:972 INFO  CheckForHelpPayingNhsCostsPage :85 - User should get result whether user get help or not[[ChromeDriver: chrome on WINDOWS (9bbc61b9ae9e2ddb3a1ffc8eecba15b3)] -> id: FREE-heading]
2021-02-06 15:02:628 INFO  CheckForHelpPayingNhsCostsPage :37 - Click on Start button[[ChromeDriver: chrome on WINDOWS (0573c899be72c68236bd28c0ec086b04)] -> id: next-button]
2021-02-06 15:02:445 INFO  CheckForHelpPayingNhsCostsPage :43 - Select Wales radio button[[ChromeDriver: chrome on WINDOWS (0573c899be72c68236bd28c0ec086b04)] -> xpath: //label[@id='label-wales']]
2021-02-06 15:02:628 INFO  CheckForHelpPayingNhsCostsPage :49 - Click on next button[[ChromeDriver: chrome on WINDOWS (0573c899be72c68236bd28c0ec086b04)] -> id: next-button]
2021-02-06 15:02:131 INFO  CheckForHelpPayingNhsCostsPage :55 - Enter day on day field1[[ChromeDriver: chrome on WINDOWS (0573c899be72c68236bd28c0ec086b04)] -> id: dob-day]
2021-02-06 15:02:406 INFO  CheckForHelpPayingNhsCostsPage :61 - Enter month on month field3[[ChromeDriver: chrome on WINDOWS (0573c899be72c68236bd28c0ec086b04)] -> id: dob-month]
2021-02-06 15:02:567 INFO  CheckForHelpPayingNhsCostsPage :67 - Enter year on year field1951[[ChromeDriver: chrome on WINDOWS (0573c899be72c68236bd28c0ec086b04)] -> id: dob-month]
2021-02-06 15:02:956 INFO  CheckForHelpPayingNhsCostsPage :37 - Click on Start button[[ChromeDriver: chrome on WINDOWS (0573c899be72c68236bd28c0ec086b04)] -> id: next-button]
2021-02-06 15:02:489 INFO  CheckForHelpPayingNhsCostsPage :73 - Select yes radio button[[ChromeDriver: chrome on WINDOWS (0573c899be72c68236bd28c0ec086b04)] -> id: label-yes]
2021-02-06 15:02:768 INFO  CheckForHelpPayingNhsCostsPage :37 - Click on Start button[[ChromeDriver: chrome on WINDOWS (0573c899be72c68236bd28c0ec086b04)] -> id: next-button]
2021-02-06 15:02:419 INFO  CheckForHelpPayingNhsCostsPage :79 - Select no radio button[[ChromeDriver: chrome on WINDOWS (0573c899be72c68236bd28c0ec086b04)] -> id: label-no]
2021-02-06 15:02:621 INFO  CheckForHelpPayingNhsCostsPage :37 - Click on Start button[[ChromeDriver: chrome on WINDOWS (0573c899be72c68236bd28c0ec086b04)] -> id: next-button]
2021-02-06 15:02:164 INFO  CheckForHelpPayingNhsCostsPage :79 - Select no radio button[[ChromeDriver: chrome on WINDOWS (0573c899be72c68236bd28c0ec086b04)] -> id: label-no]
2021-02-06 15:02:345 INFO  CheckForHelpPayingNhsCostsPage :37 - Click on Start button[[ChromeDriver: chrome on WINDOWS (0573c899be72c68236bd28c0ec086b04)] -> id: next-button]
2021-02-06 15:02:942 INFO  CheckForHelpPayingNhsCostsPage :79 - Select no radio button[[ChromeDriver: chrome on WINDOWS (0573c899be72c68236bd28c0ec086b04)] -> id: label-no]
2021-02-06 15:02:145 INFO  CheckForHelpPayingNhsCostsPage :37 - Click on Start button[[ChromeDriver: chrome on WINDOWS (0573c899be72c68236bd28c0ec086b04)] -> id: next-button]
2021-02-06 15:02:763 INFO  CheckForHelpPayingNhsCostsPage :73 - Select yes radio button[[ChromeDriver: chrome on WINDOWS (0573c899be72c68236bd28c0ec086b04)] -> id: label-yes]
2021-02-06 15:02:922 INFO  CheckForHelpPayingNhsCostsPage :37 - Click on Start button[[ChromeDriver: chrome on WINDOWS (0573c899be72c68236bd28c0ec086b04)] -> id: next-button]
2021-02-06 15:02:428 INFO  CheckForHelpPayingNhsCostsPage :85 - User should get result whether user get help or not[[ChromeDriver: chrome on WINDOWS (0573c899be72c68236bd28c0ec086b04)] -> id: FREE-heading]
2021-02-06 15:02:546 INFO  CheckForHelpPayingNhsCostsPage :37 - Click on Start button[[FirefoxDriver: firefox on WINDOWS (9d74c8ee-b011-4f50-8332-e41a48a07a5d)] -> id: next-button]
2021-02-06 15:02:253 INFO  CheckForHelpPayingNhsCostsPage :43 - Select Wales radio button[[FirefoxDriver: firefox on WINDOWS (9d74c8ee-b011-4f50-8332-e41a48a07a5d)] -> xpath: //label[@id='label-wales']]
2021-02-06 15:02:635 INFO  CheckForHelpPayingNhsCostsPage :49 - Click on next button[[FirefoxDriver: firefox on WINDOWS (9d74c8ee-b011-4f50-8332-e41a48a07a5d)] -> id: next-button]
2021-02-06 15:02:285 INFO  CheckForHelpPayingNhsCostsPage :55 - Enter day on day field1[[FirefoxDriver: firefox on WINDOWS (9d74c8ee-b011-4f50-8332-e41a48a07a5d)] -> id: dob-day]
2021-02-06 15:02:471 INFO  CheckForHelpPayingNhsCostsPage :61 - Enter month on month field3[[FirefoxDriver: firefox on WINDOWS (9d74c8ee-b011-4f50-8332-e41a48a07a5d)] -> id: dob-month]
2021-02-06 15:02:612 INFO  CheckForHelpPayingNhsCostsPage :67 - Enter year on year field1951[[FirefoxDriver: firefox on WINDOWS (9d74c8ee-b011-4f50-8332-e41a48a07a5d)] -> id: dob-month]
2021-02-06 15:02:797 INFO  CheckForHelpPayingNhsCostsPage :37 - Click on Start button[[FirefoxDriver: firefox on WINDOWS (9d74c8ee-b011-4f50-8332-e41a48a07a5d)] -> id: next-button]
2021-02-06 15:02:333 INFO  CheckForHelpPayingNhsCostsPage :73 - Select yes radio button[[FirefoxDriver: firefox on WINDOWS (9d74c8ee-b011-4f50-8332-e41a48a07a5d)] -> id: label-yes]
2021-02-06 15:02:812 INFO  CheckForHelpPayingNhsCostsPage :37 - Click on Start button[[FirefoxDriver: firefox on WINDOWS (9d74c8ee-b011-4f50-8332-e41a48a07a5d)] -> id: next-button]
2021-02-06 15:02:403 INFO  CheckForHelpPayingNhsCostsPage :79 - Select no radio button[[FirefoxDriver: firefox on WINDOWS (9d74c8ee-b011-4f50-8332-e41a48a07a5d)] -> id: label-no]
2021-02-06 15:02:816 INFO  CheckForHelpPayingNhsCostsPage :37 - Click on Start button[[FirefoxDriver: firefox on WINDOWS (9d74c8ee-b011-4f50-8332-e41a48a07a5d)] -> id: next-button]
2021-02-06 15:02:417 INFO  CheckForHelpPayingNhsCostsPage :79 - Select no radio button[[FirefoxDriver: firefox on WINDOWS (9d74c8ee-b011-4f50-8332-e41a48a07a5d)] -> id: label-no]
2021-02-06 15:02:801 INFO  CheckForHelpPayingNhsCostsPage :37 - Click on Start button[[FirefoxDriver: firefox on WINDOWS (9d74c8ee-b011-4f50-8332-e41a48a07a5d)] -> id: next-button]
2021-02-06 15:02:432 INFO  CheckForHelpPayingNhsCostsPage :79 - Select no radio button[[FirefoxDriver: firefox on WINDOWS (9d74c8ee-b011-4f50-8332-e41a48a07a5d)] -> id: label-no]
2021-02-06 15:02:944 INFO  CheckForHelpPayingNhsCostsPage :37 - Click on Start button[[FirefoxDriver: firefox on WINDOWS (9d74c8ee-b011-4f50-8332-e41a48a07a5d)] -> id: next-button]
2021-02-06 15:02:450 INFO  CheckForHelpPayingNhsCostsPage :73 - Select yes radio button[[FirefoxDriver: firefox on WINDOWS (9d74c8ee-b011-4f50-8332-e41a48a07a5d)] -> id: label-yes]
2021-02-06 15:02:838 INFO  CheckForHelpPayingNhsCostsPage :37 - Click on Start button[[FirefoxDriver: firefox on WINDOWS (9d74c8ee-b011-4f50-8332-e41a48a07a5d)] -> id: next-button]
2021-02-06 15:02:508 INFO  CheckForHelpPayingNhsCostsPage :85 - User should get result whether user get help or not[[FirefoxDriver: firefox on WINDOWS (9d74c8ee-b011-4f50-8332-e41a48a07a5d)] -> id: FREE-heading]
2021-02-06 15:02:261 INFO  CheckForHelpPayingNhsCostsPage :37 - Click on Start button[[FirefoxDriver: firefox on WINDOWS (fca56eba-4ce6-4476-8d9f-56645875995f)] -> id: next-button]
2021-02-06 15:02:857 INFO  CheckForHelpPayingNhsCostsPage :43 - Select Wales radio button[[FirefoxDriver: firefox on WINDOWS (fca56eba-4ce6-4476-8d9f-56645875995f)] -> xpath: //label[@id='label-wales']]
2021-02-06 15:02:220 INFO  CheckForHelpPayingNhsCostsPage :49 - Click on next button[[FirefoxDriver: firefox on WINDOWS (fca56eba-4ce6-4476-8d9f-56645875995f)] -> id: next-button]
2021-02-06 15:02:954 INFO  CheckForHelpPayingNhsCostsPage :55 - Enter day on day field1[[FirefoxDriver: firefox on WINDOWS (fca56eba-4ce6-4476-8d9f-56645875995f)] -> id: dob-day]
2021-02-06 15:02:166 INFO  CheckForHelpPayingNhsCostsPage :61 - Enter month on month field3[[FirefoxDriver: firefox on WINDOWS (fca56eba-4ce6-4476-8d9f-56645875995f)] -> id: dob-month]
2021-02-06 15:02:305 INFO  CheckForHelpPayingNhsCostsPage :67 - Enter year on year field1951[[FirefoxDriver: firefox on WINDOWS (fca56eba-4ce6-4476-8d9f-56645875995f)] -> id: dob-month]
2021-02-06 15:02:567 INFO  CheckForHelpPayingNhsCostsPage :37 - Click on Start button[[FirefoxDriver: firefox on WINDOWS (fca56eba-4ce6-4476-8d9f-56645875995f)] -> id: next-button]
2021-02-06 15:02:403 INFO  CheckForHelpPayingNhsCostsPage :73 - Select yes radio button[[FirefoxDriver: firefox on WINDOWS (fca56eba-4ce6-4476-8d9f-56645875995f)] -> id: label-yes]
2021-02-06 15:02:792 INFO  CheckForHelpPayingNhsCostsPage :37 - Click on Start button[[FirefoxDriver: firefox on WINDOWS (fca56eba-4ce6-4476-8d9f-56645875995f)] -> id: next-button]
2021-02-06 15:02:544 INFO  CheckForHelpPayingNhsCostsPage :79 - Select no radio button[[FirefoxDriver: firefox on WINDOWS (fca56eba-4ce6-4476-8d9f-56645875995f)] -> id: label-no]
2021-02-06 15:02:39 INFO  CheckForHelpPayingNhsCostsPage :37 - Click on Start button[[FirefoxDriver: firefox on WINDOWS (fca56eba-4ce6-4476-8d9f-56645875995f)] -> id: next-button]
2021-02-06 15:02:853 INFO  CheckForHelpPayingNhsCostsPage :79 - Select no radio button[[FirefoxDriver: firefox on WINDOWS (fca56eba-4ce6-4476-8d9f-56645875995f)] -> id: label-no]
2021-02-06 15:02:219 INFO  CheckForHelpPayingNhsCostsPage :37 - Click on Start button[[FirefoxDriver: firefox on WINDOWS (fca56eba-4ce6-4476-8d9f-56645875995f)] -> id: next-button]
2021-02-06 15:02:752 INFO  CheckForHelpPayingNhsCostsPage :79 - Select no radio button[[FirefoxDriver: firefox on WINDOWS (fca56eba-4ce6-4476-8d9f-56645875995f)] -> id: label-no]
2021-02-06 15:02:103 INFO  CheckForHelpPayingNhsCostsPage :37 - Click on Start button[[FirefoxDriver: firefox on WINDOWS (fca56eba-4ce6-4476-8d9f-56645875995f)] -> id: next-button]
2021-02-06 15:02:567 INFO  CheckForHelpPayingNhsCostsPage :73 - Select yes radio button[[FirefoxDriver: firefox on WINDOWS (fca56eba-4ce6-4476-8d9f-56645875995f)] -> id: label-yes]
2021-02-06 15:02:03 INFO  CheckForHelpPayingNhsCostsPage :37 - Click on Start button[[FirefoxDriver: firefox on WINDOWS (fca56eba-4ce6-4476-8d9f-56645875995f)] -> id: next-button]
2021-02-06 15:02:636 INFO  CheckForHelpPayingNhsCostsPage :85 - User should get result whether user get help or not[[FirefoxDriver: firefox on WINDOWS (fca56eba-4ce6-4476-8d9f-56645875995f)] -> id: FREE-heading]
2021-02-06 15:02:268 INFO  CheckForHelpPayingNhsCostsPage :37 - Click on Start button[[FirefoxDriver: firefox on WINDOWS (4ea11b91-8e3b-4f10-a550-89901c67e230)] -> id: next-button]
2021-02-06 15:02:189 INFO  CheckForHelpPayingNhsCostsPage :43 - Select Wales radio button[[FirefoxDriver: firefox on WINDOWS (4ea11b91-8e3b-4f10-a550-89901c67e230)] -> xpath: //label[@id='label-wales']]
2021-02-06 15:02:601 INFO  CheckForHelpPayingNhsCostsPage :49 - Click on next button[[FirefoxDriver: firefox on WINDOWS (4ea11b91-8e3b-4f10-a550-89901c67e230)] -> id: next-button]
2021-02-06 15:02:398 INFO  CheckForHelpPayingNhsCostsPage :55 - Enter day on day field1[[FirefoxDriver: firefox on WINDOWS (4ea11b91-8e3b-4f10-a550-89901c67e230)] -> id: dob-day]
2021-02-06 15:02:727 INFO  CheckForHelpPayingNhsCostsPage :61 - Enter month on month field3[[FirefoxDriver: firefox on WINDOWS (4ea11b91-8e3b-4f10-a550-89901c67e230)] -> id: dob-month]
2021-02-06 15:02:901 INFO  CheckForHelpPayingNhsCostsPage :67 - Enter year on year field1951[[FirefoxDriver: firefox on WINDOWS (4ea11b91-8e3b-4f10-a550-89901c67e230)] -> id: dob-month]
2021-02-06 15:02:172 INFO  CheckForHelpPayingNhsCostsPage :37 - Click on Start button[[FirefoxDriver: firefox on WINDOWS (4ea11b91-8e3b-4f10-a550-89901c67e230)] -> id: next-button]
2021-02-06 15:02:164 INFO  CheckForHelpPayingNhsCostsPage :73 - Select yes radio button[[FirefoxDriver: firefox on WINDOWS (4ea11b91-8e3b-4f10-a550-89901c67e230)] -> id: label-yes]
2021-02-06 15:02:568 INFO  CheckForHelpPayingNhsCostsPage :37 - Click on Start button[[FirefoxDriver: firefox on WINDOWS (4ea11b91-8e3b-4f10-a550-89901c67e230)] -> id: next-button]
2021-02-06 15:02:413 INFO  CheckForHelpPayingNhsCostsPage :79 - Select no radio button[[FirefoxDriver: firefox on WINDOWS (4ea11b91-8e3b-4f10-a550-89901c67e230)] -> id: label-no]
2021-02-06 15:02:780 INFO  CheckForHelpPayingNhsCostsPage :37 - Click on Start button[[FirefoxDriver: firefox on WINDOWS (4ea11b91-8e3b-4f10-a550-89901c67e230)] -> id: next-button]
2021-02-06 15:02:635 INFO  CheckForHelpPayingNhsCostsPage :79 - Select no radio button[[FirefoxDriver: firefox on WINDOWS (4ea11b91-8e3b-4f10-a550-89901c67e230)] -> id: label-no]
2021-02-06 15:02:35 INFO  CheckForHelpPayingNhsCostsPage :37 - Click on Start button[[FirefoxDriver: firefox on WINDOWS (4ea11b91-8e3b-4f10-a550-89901c67e230)] -> id: next-button]
2021-02-06 15:02:814 INFO  CheckForHelpPayingNhsCostsPage :79 - Select no radio button[[FirefoxDriver: firefox on WINDOWS (4ea11b91-8e3b-4f10-a550-89901c67e230)] -> id: label-no]
2021-02-06 15:02:225 INFO  CheckForHelpPayingNhsCostsPage :37 - Click on Start button[[FirefoxDriver: firefox on WINDOWS (4ea11b91-8e3b-4f10-a550-89901c67e230)] -> id: next-button]
2021-02-06 15:02:192 INFO  CheckForHelpPayingNhsCostsPage :73 - Select yes radio button[[FirefoxDriver: firefox on WINDOWS (4ea11b91-8e3b-4f10-a550-89901c67e230)] -> id: label-yes]
2021-02-06 15:02:584 INFO  CheckForHelpPayingNhsCostsPage :37 - Click on Start button[[FirefoxDriver: firefox on WINDOWS (4ea11b91-8e3b-4f10-a550-89901c67e230)] -> id: next-button]
2021-02-06 15:02:387 INFO  CheckForHelpPayingNhsCostsPage :85 - User should get result whether user get help or not[[FirefoxDriver: firefox on WINDOWS (4ea11b91-8e3b-4f10-a550-89901c67e230)] -> id: FREE-heading]
2021-02-06 15:02:556 INFO  CheckForHelpPayingNhsCostsPage :37 - Click on Start button[[FirefoxDriver: firefox on WINDOWS (3073175b-d763-489c-b281-83b1485c3626)] -> id: next-button]
2021-02-06 15:02:563 INFO  CheckForHelpPayingNhsCostsPage :43 - Select Wales radio button[[FirefoxDriver: firefox on WINDOWS (3073175b-d763-489c-b281-83b1485c3626)] -> xpath: //label[@id='label-wales']]
2021-02-06 15:02:962 INFO  CheckForHelpPayingNhsCostsPage :49 - Click on next button[[FirefoxDriver: firefox on WINDOWS (3073175b-d763-489c-b281-83b1485c3626)] -> id: next-button]
2021-02-06 15:02:730 INFO  CheckForHelpPayingNhsCostsPage :55 - Enter day on day field1[[FirefoxDriver: firefox on WINDOWS (3073175b-d763-489c-b281-83b1485c3626)] -> id: dob-day]
2021-02-06 15:02:978 INFO  CheckForHelpPayingNhsCostsPage :61 - Enter month on month field3[[FirefoxDriver: firefox on WINDOWS (3073175b-d763-489c-b281-83b1485c3626)] -> id: dob-month]
2021-02-06 15:02:139 INFO  CheckForHelpPayingNhsCostsPage :67 - Enter year on year field1951[[FirefoxDriver: firefox on WINDOWS (3073175b-d763-489c-b281-83b1485c3626)] -> id: dob-month]
2021-02-06 15:02:304 INFO  CheckForHelpPayingNhsCostsPage :37 - Click on Start button[[FirefoxDriver: firefox on WINDOWS (3073175b-d763-489c-b281-83b1485c3626)] -> id: next-button]
2021-02-06 15:02:96 INFO  CheckForHelpPayingNhsCostsPage :73 - Select yes radio button[[FirefoxDriver: firefox on WINDOWS (3073175b-d763-489c-b281-83b1485c3626)] -> id: label-yes]
2021-02-06 15:02:471 INFO  CheckForHelpPayingNhsCostsPage :37 - Click on Start button[[FirefoxDriver: firefox on WINDOWS (3073175b-d763-489c-b281-83b1485c3626)] -> id: next-button]
2021-02-06 15:02:206 INFO  CheckForHelpPayingNhsCostsPage :79 - Select no radio button[[FirefoxDriver: firefox on WINDOWS (3073175b-d763-489c-b281-83b1485c3626)] -> id: label-no]
2021-02-06 15:02:561 INFO  CheckForHelpPayingNhsCostsPage :37 - Click on Start button[[FirefoxDriver: firefox on WINDOWS (3073175b-d763-489c-b281-83b1485c3626)] -> id: next-button]
2021-02-06 15:02:266 INFO  CheckForHelpPayingNhsCostsPage :79 - Select no radio button[[FirefoxDriver: firefox on WINDOWS (3073175b-d763-489c-b281-83b1485c3626)] -> id: label-no]
2021-02-06 15:02:644 INFO  CheckForHelpPayingNhsCostsPage :37 - Click on Start button[[FirefoxDriver: firefox on WINDOWS (3073175b-d763-489c-b281-83b1485c3626)] -> id: next-button]
2021-02-06 15:02:375 INFO  CheckForHelpPayingNhsCostsPage :79 - Select no radio button[[FirefoxDriver: firefox on WINDOWS (3073175b-d763-489c-b281-83b1485c3626)] -> id: label-no]
2021-02-06 15:02:743 INFO  CheckForHelpPayingNhsCostsPage :37 - Click on Start button[[FirefoxDriver: firefox on WINDOWS (3073175b-d763-489c-b281-83b1485c3626)] -> id: next-button]
2021-02-06 15:02:520 INFO  CheckForHelpPayingNhsCostsPage :73 - Select yes radio button[[FirefoxDriver: firefox on WINDOWS (3073175b-d763-489c-b281-83b1485c3626)] -> id: label-yes]
2021-02-06 15:02:890 INFO  CheckForHelpPayingNhsCostsPage :37 - Click on Start button[[FirefoxDriver: firefox on WINDOWS (3073175b-d763-489c-b281-83b1485c3626)] -> id: next-button]
2021-02-06 15:02:673 INFO  CheckForHelpPayingNhsCostsPage :85 - User should get result whether user get help or not[[FirefoxDriver: firefox on WINDOWS (3073175b-d763-489c-b281-83b1485c3626)] -> id: FREE-heading]
2021-02-06 15:02:659 INFO  CheckForHelpPayingNhsCostsPage :37 - Click on Start button[[FirefoxDriver: firefox on WINDOWS (37a4c5bf-acae-40eb-b284-a1b8a0fb212e)] -> id: next-button]
2021-02-06 15:02:455 INFO  CheckForHelpPayingNhsCostsPage :43 - Select Wales radio button[[FirefoxDriver: firefox on WINDOWS (37a4c5bf-acae-40eb-b284-a1b8a0fb212e)] -> xpath: //label[@id='label-wales']]
2021-02-06 15:02:867 INFO  CheckForHelpPayingNhsCostsPage :49 - Click on next button[[FirefoxDriver: firefox on WINDOWS (37a4c5bf-acae-40eb-b284-a1b8a0fb212e)] -> id: next-button]
2021-02-06 15:02:621 INFO  CheckForHelpPayingNhsCostsPage :55 - Enter day on day field1[[FirefoxDriver: firefox on WINDOWS (37a4c5bf-acae-40eb-b284-a1b8a0fb212e)] -> id: dob-day]
2021-02-06 15:02:832 INFO  CheckForHelpPayingNhsCostsPage :61 - Enter month on month field3[[FirefoxDriver: firefox on WINDOWS (37a4c5bf-acae-40eb-b284-a1b8a0fb212e)] -> id: dob-month]
2021-02-06 15:02:06 INFO  CheckForHelpPayingNhsCostsPage :67 - Enter year on year field1951[[FirefoxDriver: firefox on WINDOWS (37a4c5bf-acae-40eb-b284-a1b8a0fb212e)] -> id: dob-month]
2021-02-06 15:02:189 INFO  CheckForHelpPayingNhsCostsPage :37 - Click on Start button[[FirefoxDriver: firefox on WINDOWS (37a4c5bf-acae-40eb-b284-a1b8a0fb212e)] -> id: next-button]
2021-02-06 15:02:962 INFO  CheckForHelpPayingNhsCostsPage :73 - Select yes radio button[[FirefoxDriver: firefox on WINDOWS (37a4c5bf-acae-40eb-b284-a1b8a0fb212e)] -> id: label-yes]
2021-02-06 15:02:345 INFO  CheckForHelpPayingNhsCostsPage :37 - Click on Start button[[FirefoxDriver: firefox on WINDOWS (37a4c5bf-acae-40eb-b284-a1b8a0fb212e)] -> id: next-button]
2021-02-06 15:02:94 INFO  CheckForHelpPayingNhsCostsPage :79 - Select no radio button[[FirefoxDriver: firefox on WINDOWS (37a4c5bf-acae-40eb-b284-a1b8a0fb212e)] -> id: label-no]
2021-02-06 15:02:488 INFO  CheckForHelpPayingNhsCostsPage :37 - Click on Start button[[FirefoxDriver: firefox on WINDOWS (37a4c5bf-acae-40eb-b284-a1b8a0fb212e)] -> id: next-button]
2021-02-06 15:02:226 INFO  CheckForHelpPayingNhsCostsPage :79 - Select no radio button[[FirefoxDriver: firefox on WINDOWS (37a4c5bf-acae-40eb-b284-a1b8a0fb212e)] -> id: label-no]
2021-02-06 15:02:618 INFO  CheckForHelpPayingNhsCostsPage :37 - Click on Start button[[FirefoxDriver: firefox on WINDOWS (37a4c5bf-acae-40eb-b284-a1b8a0fb212e)] -> id: next-button]
2021-02-06 15:02:348 INFO  CheckForHelpPayingNhsCostsPage :79 - Select no radio button[[FirefoxDriver: firefox on WINDOWS (37a4c5bf-acae-40eb-b284-a1b8a0fb212e)] -> id: label-no]
2021-02-06 15:02:746 INFO  CheckForHelpPayingNhsCostsPage :37 - Click on Start button[[FirefoxDriver: firefox on WINDOWS (37a4c5bf-acae-40eb-b284-a1b8a0fb212e)] -> id: next-button]
2021-02-06 15:02:423 INFO  CheckForHelpPayingNhsCostsPage :73 - Select yes radio button[[FirefoxDriver: firefox on WINDOWS (37a4c5bf-acae-40eb-b284-a1b8a0fb212e)] -> id: label-yes]
2021-02-06 15:02:789 INFO  CheckForHelpPayingNhsCostsPage :37 - Click on Start button[[FirefoxDriver: firefox on WINDOWS (37a4c5bf-acae-40eb-b284-a1b8a0fb212e)] -> id: next-button]
2021-02-06 15:02:560 INFO  CheckForHelpPayingNhsCostsPage :85 - User should get result whether user get help or not[[FirefoxDriver: firefox on WINDOWS (37a4c5bf-acae-40eb-b284-a1b8a0fb212e)] -> id: FREE-heading]
2021-02-06 15:02:258 INFO  CheckForHelpPayingNhsCostsPage :37 - Click on Start button[[FirefoxDriver: firefox on WINDOWS (eca89814-f75f-4a89-91da-0c1c229e0faa)] -> id: next-button]
2021-02-06 15:02:274 INFO  CheckForHelpPayingNhsCostsPage :43 - Select Wales radio button[[FirefoxDriver: firefox on WINDOWS (eca89814-f75f-4a89-91da-0c1c229e0faa)] -> xpath: //label[@id='label-wales']]
2021-02-06 15:02:693 INFO  CheckForHelpPayingNhsCostsPage :49 - Click on next button[[FirefoxDriver: firefox on WINDOWS (eca89814-f75f-4a89-91da-0c1c229e0faa)] -> id: next-button]
2021-02-06 15:02:488 INFO  CheckForHelpPayingNhsCostsPage :55 - Enter day on day field1[[FirefoxDriver: firefox on WINDOWS (eca89814-f75f-4a89-91da-0c1c229e0faa)] -> id: dob-day]
2021-02-06 15:02:687 INFO  CheckForHelpPayingNhsCostsPage :61 - Enter month on month field3[[FirefoxDriver: firefox on WINDOWS (eca89814-f75f-4a89-91da-0c1c229e0faa)] -> id: dob-month]
2021-02-06 15:02:877 INFO  CheckForHelpPayingNhsCostsPage :67 - Enter year on year field1951[[FirefoxDriver: firefox on WINDOWS (eca89814-f75f-4a89-91da-0c1c229e0faa)] -> id: dob-month]
2021-02-06 15:02:118 INFO  CheckForHelpPayingNhsCostsPage :37 - Click on Start button[[FirefoxDriver: firefox on WINDOWS (eca89814-f75f-4a89-91da-0c1c229e0faa)] -> id: next-button]
2021-02-06 15:02:926 INFO  CheckForHelpPayingNhsCostsPage :73 - Select yes radio button[[FirefoxDriver: firefox on WINDOWS (eca89814-f75f-4a89-91da-0c1c229e0faa)] -> id: label-yes]
2021-02-06 15:02:370 INFO  CheckForHelpPayingNhsCostsPage :37 - Click on Start button[[FirefoxDriver: firefox on WINDOWS (eca89814-f75f-4a89-91da-0c1c229e0faa)] -> id: next-button]
2021-02-06 15:02:188 INFO  CheckForHelpPayingNhsCostsPage :79 - Select no radio button[[FirefoxDriver: firefox on WINDOWS (eca89814-f75f-4a89-91da-0c1c229e0faa)] -> id: label-no]
2021-02-06 15:02:573 INFO  CheckForHelpPayingNhsCostsPage :37 - Click on Start button[[FirefoxDriver: firefox on WINDOWS (eca89814-f75f-4a89-91da-0c1c229e0faa)] -> id: next-button]
2021-02-06 15:02:395 INFO  CheckForHelpPayingNhsCostsPage :79 - Select no radio button[[FirefoxDriver: firefox on WINDOWS (eca89814-f75f-4a89-91da-0c1c229e0faa)] -> id: label-no]
2021-02-06 15:02:779 INFO  CheckForHelpPayingNhsCostsPage :37 - Click on Start button[[FirefoxDriver: firefox on WINDOWS (eca89814-f75f-4a89-91da-0c1c229e0faa)] -> id: next-button]
2021-02-06 15:02:597 INFO  CheckForHelpPayingNhsCostsPage :79 - Select no radio button[[FirefoxDriver: firefox on WINDOWS (eca89814-f75f-4a89-91da-0c1c229e0faa)] -> id: label-no]
2021-02-06 15:02:991 INFO  CheckForHelpPayingNhsCostsPage :37 - Click on Start button[[FirefoxDriver: firefox on WINDOWS (eca89814-f75f-4a89-91da-0c1c229e0faa)] -> id: next-button]
2021-02-06 15:02:871 INFO  CheckForHelpPayingNhsCostsPage :73 - Select yes radio button[[FirefoxDriver: firefox on WINDOWS (eca89814-f75f-4a89-91da-0c1c229e0faa)] -> id: label-yes]
2021-02-06 15:02:253 INFO  CheckForHelpPayingNhsCostsPage :37 - Click on Start button[[FirefoxDriver: firefox on WINDOWS (eca89814-f75f-4a89-91da-0c1c229e0faa)] -> id: next-button]
2021-02-06 15:02:985 INFO  CheckForHelpPayingNhsCostsPage :85 - User should get result whether user get help or not[[FirefoxDriver: firefox on WINDOWS (eca89814-f75f-4a89-91da-0c1c229e0faa)] -> id: FREE-heading]
